<?xml version="1.0" encoding="UTF-8"?><testrun name="DataTest" project="JUnitEx" tests="1" started="1" failures="0" errors="1" ignored="0">
  <testsuite name="com.java.junit.DataTest" time="0.001">
    <testcase name="initializationError" classname="com.java.junit.DataTest" time="0.001">
      <error>java.lang.Exception: Method testMax() should be void&#13;
	at org.junit.runners.model.FrameworkMethod.validatePublicVoid(FrameworkMethod.java:97)&#13;
	at org.junit.runners.model.FrameworkMethod.validatePublicVoidNoArg(FrameworkMethod.java:70)&#13;
	at org.junit.runners.ParentRunner.validatePublicVoidNoArgMethods(ParentRunner.java:133)&#13;
	at org.junit.runners.BlockJUnit4ClassRunner.validateTestMethods(BlockJUnit4ClassRunner.java:186)&#13;
	at org.junit.runners.BlockJUnit4ClassRunner.validateInstanceMethods(BlockJUnit4ClassRunner.java:166)&#13;
	at org.junit.runners.BlockJUnit4ClassRunner.collectInitializationErrors(BlockJUnit4ClassRunner.java:104)&#13;
	at org.junit.runners.ParentRunner.validate(ParentRunner.java:355)&#13;
	at org.junit.runners.ParentRunner.&lt;init&gt;(ParentRunner.java:76)&#13;
	at org.junit.runners.BlockJUnit4ClassRunner.&lt;init&gt;(BlockJUnit4ClassRunner.java:57)&#13;
	at org.junit.internal.builders.JUnit4Builder.runnerForClass(JUnit4Builder.java:10)&#13;
	at org.junit.runners.model.RunnerBuilder.safeRunnerForClass(RunnerBuilder.java:59)&#13;
	at org.junit.internal.builders.AllDefaultPossibilitiesBuilder.runnerForClass(AllDefaultPossibilitiesBuilder.java:26)&#13;
	at org.junit.runners.model.RunnerBuilder.safeRunnerForClass(RunnerBuilder.java:59)&#13;
	at org.junit.internal.requests.ClassRequest.getRunner(ClassRequest.java:26)&#13;
	at org.eclipse.jdt.internal.junit4.runner.JUnit4TestLoader.createUnfilteredTest(JUnit4TestLoader.java:90)&#13;
	at org.eclipse.jdt.internal.junit4.runner.JUnit4TestLoader.createTest(JUnit4TestLoader.java:76)&#13;
	at org.eclipse.jdt.internal.junit4.runner.JUnit4TestLoader.loadTests(JUnit4TestLoader.java:49)&#13;
	at org.eclipse.jdt.internal.junit.runner.RemoteTestRunner.runTests(RemoteTestRunner.java:514)&#13;
	at org.eclipse.jdt.internal.junit.runner.RemoteTestRunner.runTests(RemoteTestRunner.java:758)&#13;
	at org.eclipse.jdt.internal.junit.runner.RemoteTestRunner.run(RemoteTestRunner.java:453)&#13;
	at org.eclipse.jdt.internal.junit.runner.RemoteTestRunner.main(RemoteTestRunner.java:211)&#13;
&#13;
</error>
    </testcase>
  </testsuite>
</testrun>
